sample.interval=20000
"gc" "system.time" "run_mcmc" 
"gc" "system.time" "run_mcmc" 
"gc" "system.time" "run_mcmc" 
"gc" "system.time" "run_mcmc" 
"gc" "system.time" "run_mcmc" 
"gc" "system.time" "run_mcmc" 
"gc" "system.time" "run_mcmc" 
"gc" "system.time" "run_mcmc" 
"gc" "system.time" "run_mcmc" 
"gc" "system.time" "run_mcmc" 
"gc" "system.time" "run_mcmc" 
"gc" "system.time" "run_mcmc" 
"gc" "system.time" "run_mcmc" 
"gc" "system.time" "run_mcmc" 
"gc" "system.time" "run_mcmc" 
"gc" "system.time" "run_mcmc" 
"gc" "system.time" "run_mcmc" 
"gc" "system.time" "run_mcmc" 
"gc" "system.time" "run_mcmc" 
"gc" "system.time" "run_mcmc" 
"gc" "system.time" "run_mcmc" 
"gc" "system.time" "run_mcmc" 
"f" "<Anonymous>" "fn" ".calculate.H" ".buildtree" ".buildtree" ".buildtree" "mcmc.nuts" "system.time" "run_mcmc" 
"deparse" "eval" "match.arg" "f" "<Anonymous>" "fn" ".calculate.H" ".buildtree" ".buildtree" ".buildtree" "mcmc.nuts" "system.time" "run_mcmc" 
".calculate.H" ".buildtree" ".buildtree" ".buildtree" "mcmc.nuts" "system.time" "run_mcmc" 
".deparseOpts" "deparse" "eval" "match.arg" "f" "<Anonymous>" "standardGeneric" "as.vector" "gr" ".buildtree" ".buildtree" ".buildtree" "mcmc.nuts" "system.time" "run_mcmc" 
"fn" ".calculate.H" ".buildtree" ".buildtree" ".buildtree" "mcmc.nuts" "system.time" "run_mcmc" 
"*" ".buildtree" ".buildtree" ".buildtree" "mcmc.nuts" "system.time" "run_mcmc" 
"match.arg" "f" "<Anonymous>" "standardGeneric" "as.vector" "gr" ".buildtree" ".buildtree" ".buildtree" "mcmc.nuts" "system.time" "run_mcmc" 
